2026-03-31 23:51:29,605 [INFO] Agent initialised for 'naca001234'
2026-03-31 23:51:29,606 [INFO]   Source file : data/raw\naca001234.dat
2026-03-31 23:51:29,606 [INFO]   Chord length: 1.0 m
2026-03-31 23:51:29,620 [INFO]   Raw points  : 33
2026-03-31 23:51:29,620 [INFO] ============================================================
2026-03-31 23:51:29,621 [INFO]   GEOMETRY AGENT — Starting autonomous processing
2026-03-31 23:51:29,621 [INFO] ============================================================
2026-03-31 23:51:29,621 [INFO] --- Trailing Edge Analysis ---
2026-03-31 23:51:29,621 [INFO]   Upper TE point : (1.000000, 0.001200)
2026-03-31 23:51:29,622 [INFO]   Lower TE point : (1.000000, -0.001200)
2026-03-31 23:51:29,622 [INFO]   TE gap         : 0.002400 c  (0.240% chord)
2026-03-31 23:51:29,622 [INFO]   Threshold      : 0.5% chord
2026-03-31 23:51:29,622 [INFO]   Decision       : SNAP
2026-03-31 23:51:29,622 [INFO]   Reasoning      : TE gap (0.240%) is within 0.5% threshold. This is effectively sharp — the gap is smaller than a typical BL cell. Snapping both TE points to their midpoint guarantees a watertight geometry for the mesher without altering the aerodynamic shape.
2026-03-31 23:51:29,623 [INFO] --- Surface Splitting ---
2026-03-31 23:51:29,624 [INFO]   Split at LE index 16: upper=17 pts, lower=17 pts
2026-03-31 23:51:29,624 [INFO] --- Trailing Edge Treatment ---
2026-03-31 23:51:29,624 [INFO]   Snapped TE to midpoint: (1.000000, 0.000000)
2026-03-31 23:51:29,624 [INFO] --- Cosine Re-spacing ---
2026-03-31 23:51:29,625 [INFO]   Re-sampling each surface to 150 cosine-spaced points...
2026-03-31 23:51:29,625 [INFO]   Before: upper=17 pts, lower=17 pts
2026-03-31 23:51:29,628 [INFO]   After : upper=150 pts, lower=150 pts
2026-03-31 23:51:29,628 [INFO]   Combined airfoil: 299 points (scaled to 1.0 m chord)
2026-03-31 23:51:29,628 [INFO] --- Export CSV ---
2026-03-31 23:51:29,630 [INFO]   CSV written to: data/raw\naca001234_cleaned.csv (299 points)
2026-03-31 23:51:29,630 [INFO] --- CAD Generation ---
2026-03-31 23:51:56,315 [INFO] ============================================================
2026-03-31 23:51:56,315 [INFO]   GEOMETRY AGENT — Processing complete
2026-03-31 23:51:56,315 [INFO]   Airfoil      : naca001234
2026-03-31 23:51:56,315 [INFO]   TE treatment : snap (gap: 0.240%)
2026-03-31 23:51:56,315 [INFO]   Points/surface: 150 (cosine-spaced)
2026-03-31 23:51:56,315 [INFO]   Outputs      :
2026-03-31 23:51:56,315 [INFO]     CSV  : data/raw\naca001234_cleaned.csv
2026-03-31 23:51:56,316 [INFO]     STEP : C:\Users\quack\Documents\Projects\Sim Automation\simulation-automation\data\raw\naca001234_domain.step
2026-03-31 23:51:56,316 [INFO]     Log  : data/raw\naca001234_processing.log
2026-03-31 23:51:56,316 [INFO] ============================================================
